{"C:\\ARCHIVOS\\TECNOLOGIA\\NODEPRO\\NODE-PRUEBA\\src\\app.ts": {"path":"C:\\ARCHIVOS\\TECNOLOGIA\\NODEPRO\\NODE-PRUEBA\\src\\app.ts","statementMap":{"0":{"start":{"line":1,"column":0},"end":{"line":1,"column":30}},"1":{"start":{"line":2,"column":0},"end":{"line":2,"column":47}},"2":{"start":{"line":3,"column":0},"end":{"line":3,"column":77}},"3":{"start":{"line":4,"column":0},"end":{"line":4,"column":74}},"4":{"start":{"line":5,"column":0},"end":{"line":5,"column":74}},"5":{"start":{"line":6,"column":0},"end":{"line":6,"column":74}},"6":{"start":{"line":8,"column":12},"end":{"line":8,"column":21}},"7":{"start":{"line":10,"column":0},"end":{"line":10,"column":24}},"8":{"start":{"line":11,"column":0},"end":{"line":11,"column":48}},"9":{"start":{"line":13,"column":0},"end":{"line":13,"column":32}},"10":{"start":{"line":14,"column":0},"end":{"line":14,"column":30}},"11":{"start":{"line":15,"column":0},"end":{"line":15,"column":30}},"12":{"start":{"line":16,"column":0},"end":{"line":16,"column":29}},"13":{"start":{"line":18,"column":0},"end":{"line":18,"column":29}},"14":{"start":{"line":19,"column":0},"end":{"line":19,"column":29}},"15":{"start":{"line":20,"column":0},"end":{"line":20,"column":19}}},"fnMap":{},"branchMap":{},"s":{"0":0,"1":0,"2":0,"3":0,"4":0,"5":0,"6":0,"7":0,"8":0,"9":0,"10":0,"11":0,"12":0,"13":0,"14":0,"15":0},"f":{},"b":{}}
,"C:\\ARCHIVOS\\TECNOLOGIA\\NODEPRO\\NODE-PRUEBA\\src\\init.ts": {"path":"C:\\ARCHIVOS\\TECNOLOGIA\\NODEPRO\\NODE-PRUEBA\\src\\init.ts","statementMap":{"0":{"start":{"line":1,"column":0},"end":{"line":1,"column":54}},"1":{"start":{"line":2,"column":0},"end":{"line":2,"column":58}},"2":{"start":{"line":3,"column":0},"end":{"line":3,"column":24}},"3":{"start":{"line":5,"column":14},"end":{"line":14,"column":1}},"4":{"start":{"line":6,"column":16},"end":{"line":6,"column":31}},"5":{"start":{"line":7,"column":18},"end":{"line":7,"column":32}},"6":{"start":{"line":8,"column":1},"end":{"line":13,"column":null}},"7":{"start":{"line":9,"column":2},"end":{"line":9,"column":28}},"8":{"start":{"line":10,"column":2},"end":{"line":10,"column":30}},"9":{"start":{"line":12,"column":2},"end":{"line":12,"column":24}},"10":{"start":{"line":16,"column":0},"end":{"line":16,"column":8}}},"fnMap":{"0":{"name":"(anonymous_1)","decl":{"start":{"line":5,"column":14},"end":{"line":5,"column":19}},"loc":{"start":{"line":5,"column":25},"end":{"line":14,"column":1}}}},"branchMap":{},"s":{"0":0,"1":0,"2":0,"3":0,"4":0,"5":0,"6":0,"7":0,"8":0,"9":0,"10":0},"f":{"0":0},"b":{}}
,"C:\\ARCHIVOS\\TECNOLOGIA\\NODEPRO\\NODE-PRUEBA\\src\\auth\\application\\auth.service.ts": {"path":"C:\\ARCHIVOS\\TECNOLOGIA\\NODEPRO\\NODE-PRUEBA\\src\\auth\\application\\auth.service.ts","statementMap":{"0":{"start":{"line":2,"column":0},"end":{"line":2,"column":28}},"1":{"start":{"line":3,"column":0},"end":{"line":3,"column":36}},"2":{"start":{"line":4,"column":0},"end":{"line":4,"column":24}},"3":{"start":{"line":5,"column":0},"end":{"line":5,"column":36}},"4":{"start":{"line":7,"column":12},"end":{"line":7,"column":18}},"5":{"start":{"line":11,"column":18},"end":{"line":16,"column":4}},"6":{"start":{"line":17,"column":22},"end":{"line":17,"column":67}},"7":{"start":{"line":18,"column":2},"end":{"line":18,"column":21}},"8":{"start":{"line":22,"column":23},"end":{"line":22,"column":31}},"9":{"start":{"line":23,"column":2},"end":{"line":23,"column":22}},"10":{"start":{"line":27,"column":2},"end":{"line":44,"column":5}},"11":{"start":{"line":28,"column":3},"end":{"line":43,"column":null}},"12":{"start":{"line":29,"column":20},"end":{"line":29,"column":69}},"13":{"start":{"line":30,"column":4},"end":{"line":30,"column":21}},"14":{"start":{"line":32,"column":4},"end":{"line":42,"column":null}},"15":{"start":{"line":33,"column":5},"end":{"line":36,"column":8}},"16":{"start":{"line":38,"column":5},"end":{"line":41,"column":8}},"17":{"start":{"line":9,"column":0},"end":{"line":9,"column":13}}},"fnMap":{"0":{"name":"(anonymous_1)","decl":{"start":{"line":10,"column":1},"end":{"line":10,"column":7}},"loc":{"start":{"line":10,"column":44},"end":{"line":19,"column":2}}},"1":{"name":"(anonymous_2)","decl":{"start":{"line":21,"column":1},"end":{"line":21,"column":7}},"loc":{"start":{"line":21,"column":28},"end":{"line":24,"column":2}}},"2":{"name":"(anonymous_3)","decl":{"start":{"line":26,"column":1},"end":{"line":26,"column":7}},"loc":{"start":{"line":26,"column":47},"end":{"line":45,"column":2}}},"3":{"name":"(anonymous_4)","decl":{"start":{"line":27,"column":21},"end":{"line":27,"column":22}},"loc":{"start":{"line":27,"column":41},"end":{"line":44,"column":3}}}},"branchMap":{"0":{"loc":{"start":{"line":32,"column":4},"end":{"line":42,"column":null}},"type":"if","locations":[{"start":{"line":32,"column":4},"end":{"line":42,"column":null}},{"start":{"line":32,"column":4},"end":{"line":42,"column":null}}]}},"s":{"0":0,"1":0,"2":0,"3":0,"4":0,"5":0,"6":0,"7":0,"8":0,"9":0,"10":0,"11":0,"12":0,"13":0,"14":0,"15":0,"16":0,"17":0},"f":{"0":0,"1":0,"2":0,"3":0},"b":{"0":[0,0]}}
,"C:\\ARCHIVOS\\TECNOLOGIA\\NODEPRO\\NODE-PRUEBA\\src\\auth\\application\\auth.usecase.ts": {"path":"C:\\ARCHIVOS\\TECNOLOGIA\\NODEPRO\\NODE-PRUEBA\\src\\auth\\application\\auth.usecase.ts","statementMap":{"0":{"start":{"line":3,"column":0},"end":{"line":3,"column":32}},"1":{"start":{"line":4,"column":0},"end":{"line":4,"column":40}},"2":{"start":{"line":5,"column":0},"end":{"line":5,"column":48}},"3":{"start":{"line":8,"column":30},"end":{"line":8,"column":56}},"4":{"start":{"line":11,"column":24},"end":{"line":11,"column":66}},"5":{"start":{"line":12,"column":2},"end":{"line":12,"column":75}},"6":{"start":{"line":12,"column":17},"end":{"line":12,"column":75}},"7":{"start":{"line":14,"column":36},"end":{"line":14,"column":44}},"8":{"start":{"line":15,"column":34},"end":{"line":15,"column":59}},"9":{"start":{"line":17,"column":2},"end":{"line":17,"column":54}},"10":{"start":{"line":19,"column":18},"end":{"line":19,"column":77}},"11":{"start":{"line":21,"column":2},"end":{"line":27,"column":null}},"12":{"start":{"line":22,"column":3},"end":{"line":26,"column":5}},"13":{"start":{"line":28,"column":2},"end":{"line":28,"column":61}},"14":{"start":{"line":7,"column":0},"end":{"line":7,"column":13}}},"fnMap":{"0":{"name":"(anonymous_1)","decl":{"start":{"line":8,"column":1},"end":{"line":8,"column":30}},"loc":{"start":{"line":8,"column":56},"end":{"line":8,"column":60}}},"1":{"name":"(anonymous_2)","decl":{"start":{"line":10,"column":1},"end":{"line":10,"column":6}},"loc":{"start":{"line":10,"column":36},"end":{"line":29,"column":2}}}},"branchMap":{"0":{"loc":{"start":{"line":12,"column":2},"end":{"line":12,"column":75}},"type":"if","locations":[{"start":{"line":12,"column":2},"end":{"line":12,"column":75}},{"start":{"line":12,"column":2},"end":{"line":12,"column":75}}]},"1":{"loc":{"start":{"line":21,"column":2},"end":{"line":27,"column":null}},"type":"if","locations":[{"start":{"line":21,"column":2},"end":{"line":27,"column":null}},{"start":{"line":21,"column":2},"end":{"line":27,"column":null}}]}},"s":{"0":0,"1":0,"2":0,"3":0,"4":0,"5":0,"6":0,"7":0,"8":0,"9":0,"10":0,"11":0,"12":0,"13":0,"14":0},"f":{"0":0,"1":0},"b":{"0":[0,0],"1":[0,0]}}
,"C:\\ARCHIVOS\\TECNOLOGIA\\NODEPRO\\NODE-PRUEBA\\src\\auth\\application\\role-token.dto.ts": {"path":"C:\\ARCHIVOS\\TECNOLOGIA\\NODEPRO\\NODE-PRUEBA\\src\\auth\\application\\role-token.dto.ts","statementMap":{"0":{"start":{"line":4,"column":21},"end":{"line":10,"column":1}},"1":{"start":{"line":5,"column":43},"end":{"line":7,"column":4}},"2":{"start":{"line":5,"column":62},"end":{"line":7,"column":3}},"3":{"start":{"line":9,"column":1},"end":{"line":9,"column":19}},"4":{"start":{"line":12,"column":9},"end":{"line":12,"column":21}}},"fnMap":{"0":{"name":"(anonymous_0)","decl":{"start":{"line":4,"column":21},"end":{"line":4,"column":22}},"loc":{"start":{"line":4,"column":68},"end":{"line":10,"column":1}}},"1":{"name":"(anonymous_1)","decl":{"start":{"line":5,"column":53},"end":{"line":5,"column":57}},"loc":{"start":{"line":5,"column":62},"end":{"line":7,"column":3}}}},"branchMap":{},"s":{"0":0,"1":0,"2":0,"3":0,"4":0},"f":{"0":0,"1":0},"b":{}}
,"C:\\ARCHIVOS\\TECNOLOGIA\\NODEPRO\\NODE-PRUEBA\\src\\auth\\infraestructure\\auth.controller.ts": {"path":"C:\\ARCHIVOS\\TECNOLOGIA\\NODEPRO\\NODE-PRUEBA\\src\\auth\\infraestructure\\auth.controller.ts","statementMap":{"0":{"start":{"line":5,"column":30},"end":{"line":5,"column":50}},"1":{"start":{"line":7,"column":2},"end":{"line":7,"column":47}},"2":{"start":{"line":4,"column":0},"end":{"line":4,"column":13}}},"fnMap":{"0":{"name":"(anonymous_0)","decl":{"start":{"line":5,"column":1},"end":{"line":5,"column":30}},"loc":{"start":{"line":5,"column":50},"end":{"line":5,"column":54}}},"1":{"name":"(anonymous_1)","decl":{"start":{"line":6,"column":1},"end":{"line":6,"column":6}},"loc":{"start":{"line":6,"column":39},"end":{"line":8,"column":2}}}},"branchMap":{},"s":{"0":0,"1":0,"2":0},"f":{"0":0,"1":0},"b":{}}
,"C:\\ARCHIVOS\\TECNOLOGIA\\NODEPRO\\NODE-PRUEBA\\src\\auth\\infraestructure\\auth.model.ts": {"path":"C:\\ARCHIVOS\\TECNOLOGIA\\NODEPRO\\NODE-PRUEBA\\src\\auth\\infraestructure\\auth.model.ts","statementMap":{"0":{"start":{"line":1,"column":0},"end":{"line":1,"column":44}},"1":{"start":{"line":3,"column":15},"end":{"line":13,"column":2}},"2":{"start":{"line":15,"column":0},"end":{"line":15,"column":46}}},"fnMap":{},"branchMap":{},"s":{"0":0,"1":0,"2":0},"f":{},"b":{}}
,"C:\\ARCHIVOS\\TECNOLOGIA\\NODEPRO\\NODE-PRUEBA\\src\\auth\\infraestructure\\auth.operations.ts": {"path":"C:\\ARCHIVOS\\TECNOLOGIA\\NODEPRO\\NODE-PRUEBA\\src\\auth\\infraestructure\\auth.operations.ts","statementMap":{"0":{"start":{"line":3,"column":0},"end":{"line":3,"column":62}},"1":{"start":{"line":8,"column":29},"end":{"line":10,"column":22}},"2":{"start":{"line":11,"column":2},"end":{"line":11,"column":18}},"3":{"start":{"line":6,"column":0},"end":{"line":6,"column":13}}},"fnMap":{"0":{"name":"(anonymous_1)","decl":{"start":{"line":7,"column":1},"end":{"line":7,"column":6}},"loc":{"start":{"line":7,"column":38},"end":{"line":12,"column":2}}}},"branchMap":{},"s":{"0":0,"1":0,"2":0,"3":0},"f":{"0":0},"b":{}}
,"C:\\ARCHIVOS\\TECNOLOGIA\\NODEPRO\\NODE-PRUEBA\\src\\auth\\infraestructure\\auth.routes.ts": {"path":"C:\\ARCHIVOS\\TECNOLOGIA\\NODEPRO\\NODE-PRUEBA\\src\\auth\\infraestructure\\auth.routes.ts","statementMap":{"0":{"start":{"line":1,"column":0},"end":{"line":1,"column":53}},"1":{"start":{"line":2,"column":0},"end":{"line":2,"column":68}},"2":{"start":{"line":3,"column":0},"end":{"line":3,"column":54}},"3":{"start":{"line":4,"column":0},"end":{"line":4,"column":51}},"4":{"start":{"line":5,"column":0},"end":{"line":5,"column":58}},"5":{"start":{"line":6,"column":0},"end":{"line":6,"column":51}},"6":{"start":{"line":9,"column":23},"end":{"line":9,"column":43}},"7":{"start":{"line":10,"column":20},"end":{"line":10,"column":51}},"8":{"start":{"line":11,"column":23},"end":{"line":11,"column":54}},"9":{"start":{"line":13,"column":15},"end":{"line":13,"column":31}},"10":{"start":{"line":29,"column":9},"end":{"line":29,"column":15}},"11":{"start":{"line":15,"column":0},"end":{"line":27,"column":2}},"12":{"start":{"line":19,"column":27},"end":{"line":19,"column":35}},"13":{"start":{"line":20,"column":17},"end":{"line":20,"column":59}},"14":{"start":{"line":21,"column":2},"end":{"line":25,"column":null}},"15":{"start":{"line":22,"column":3},"end":{"line":22,"column":20}},"16":{"start":{"line":24,"column":3},"end":{"line":24,"column":40}}},"fnMap":{"0":{"name":"(anonymous_1)","decl":{"start":{"line":18,"column":1},"end":{"line":18,"column":6}},"loc":{"start":{"line":18,"column":39},"end":{"line":26,"column":2}}}},"branchMap":{"0":{"loc":{"start":{"line":21,"column":2},"end":{"line":25,"column":null}},"type":"if","locations":[{"start":{"line":21,"column":2},"end":{"line":25,"column":null}},{"start":{"line":21,"column":2},"end":{"line":25,"column":null}}]}},"s":{"0":0,"1":0,"2":0,"3":0,"4":0,"5":0,"6":0,"7":0,"8":0,"9":0,"10":0,"11":0,"12":0,"13":0,"14":0,"15":0,"16":0},"f":{"0":0},"b":{"0":[0,0]}}
,"C:\\ARCHIVOS\\TECNOLOGIA\\NODEPRO\\NODE-PRUEBA\\src\\auth\\infraestructure\\auth.schema.ts": {"path":"C:\\ARCHIVOS\\TECNOLOGIA\\NODEPRO\\NODE-PRUEBA\\src\\auth\\infraestructure\\auth.schema.ts","statementMap":{"0":{"start":{"line":1,"column":0},"end":{"line":1,"column":22}},"1":{"start":{"line":3,"column":13},"end":{"line":10,"column":2}}},"fnMap":{},"branchMap":{},"s":{"0":0,"1":0},"f":{},"b":{}}
,"C:\\ARCHIVOS\\TECNOLOGIA\\NODEPRO\\NODE-PRUEBA\\src\\bootstrap\\database.bootstrap.ts": {"path":"C:\\ARCHIVOS\\TECNOLOGIA\\NODEPRO\\NODE-PRUEBA\\src\\bootstrap\\database.bootstrap.ts","statementMap":{"0":{"start":{"line":1,"column":0},"end":{"line":1,"column":32}},"1":{"start":{"line":3,"column":0},"end":{"line":3,"column":24}},"2":{"start":{"line":5,"column":12},"end":{"line":5,"column":18}},"3":{"start":{"line":9,"column":2},"end":{"line":28,"column":5}},"4":{"start":{"line":10,"column":28},"end":{"line":10,"column":177}},"5":{"start":{"line":12,"column":19},"end":{"line":18,"column":5}},"6":{"start":{"line":19,"column":20},"end":{"line":26,"column":4}},"7":{"start":{"line":20,"column":4},"end":{"line":25,"column":null}},"8":{"start":{"line":21,"column":5},"end":{"line":21,"column":19}},"9":{"start":{"line":23,"column":5},"end":{"line":23,"column":43}},"10":{"start":{"line":24,"column":5},"end":{"line":24,"column":47}},"11":{"start":{"line":27,"column":3},"end":{"line":27,"column":57}},"12":{"start":{"line":31,"column":2},"end":{"line":35,"column":null}},"13":{"start":{"line":32,"column":3},"end":{"line":32,"column":25}},"14":{"start":{"line":34,"column":3},"end":{"line":34,"column":22}},"15":{"start":{"line":7,"column":0},"end":{"line":7,"column":13}}},"fnMap":{"0":{"name":"(anonymous_1)","decl":{"start":{"line":8,"column":1},"end":{"line":8,"column":11}},"loc":{"start":{"line":8,"column":11},"end":{"line":29,"column":2}}},"1":{"name":"(anonymous_2)","decl":{"start":{"line":9,"column":21},"end":{"line":9,"column":22}},"loc":{"start":{"line":9,"column":41},"end":{"line":28,"column":3}}},"2":{"name":"(anonymous_3)","decl":{"start":{"line":19,"column":20},"end":{"line":19,"column":21}},"loc":{"start":{"line":19,"column":35},"end":{"line":26,"column":4}}},"3":{"name":"(anonymous_4)","decl":{"start":{"line":30,"column":1},"end":{"line":30,"column":11}},"loc":{"start":{"line":30,"column":11},"end":{"line":36,"column":2}}}},"branchMap":{"0":{"loc":{"start":{"line":20,"column":4},"end":{"line":25,"column":null}},"type":"if","locations":[{"start":{"line":20,"column":4},"end":{"line":25,"column":null}},{"start":{"line":20,"column":4},"end":{"line":25,"column":null}}]}},"s":{"0":0,"1":0,"2":0,"3":0,"4":0,"5":0,"6":0,"7":0,"8":0,"9":0,"10":0,"11":0,"12":0,"13":0,"14":0,"15":0},"f":{"0":0,"1":0,"2":0,"3":0},"b":{"0":[0,0]}}
,"C:\\ARCHIVOS\\TECNOLOGIA\\NODEPRO\\NODE-PRUEBA\\src\\bootstrap\\server.bootstrap.ts": {"path":"C:\\ARCHIVOS\\TECNOLOGIA\\NODEPRO\\NODE-PRUEBA\\src\\bootstrap\\server.bootstrap.ts","statementMap":{"0":{"start":{"line":1,"column":0},"end":{"line":1,"column":24}},"1":{"start":{"line":5,"column":0},"end":{"line":5,"column":24}},"2":{"start":{"line":7,"column":12},"end":{"line":7,"column":18}},"3":{"start":{"line":10,"column":30},"end":{"line":10,"column":46}},"4":{"start":{"line":13,"column":2},"end":{"line":28,"column":5}},"5":{"start":{"line":14,"column":31},"end":{"line":14,"column":58}},"6":{"start":{"line":15,"column":3},"end":{"line":27,"column":7}},"7":{"start":{"line":18,"column":5},"end":{"line":21,"column":7}},"8":{"start":{"line":22,"column":5},"end":{"line":22,"column":44}},"9":{"start":{"line":25,"column":5},"end":{"line":25,"column":22}},"10":{"start":{"line":26,"column":5},"end":{"line":26,"column":17}},"11":{"start":{"line":9,"column":0},"end":{"line":9,"column":13}}},"fnMap":{"0":{"name":"(anonymous_1)","decl":{"start":{"line":10,"column":1},"end":{"line":10,"column":30}},"loc":{"start":{"line":10,"column":46},"end":{"line":10,"column":50}}},"1":{"name":"(anonymous_2)","decl":{"start":{"line":12,"column":1},"end":{"line":12,"column":11}},"loc":{"start":{"line":12,"column":11},"end":{"line":29,"column":2}}},"2":{"name":"(anonymous_3)","decl":{"start":{"line":13,"column":21},"end":{"line":13,"column":22}},"loc":{"start":{"line":13,"column":41},"end":{"line":28,"column":3}}},"3":{"name":"(anonymous_4)","decl":{"start":{"line":17,"column":21},"end":{"line":17,"column":24}},"loc":{"start":{"line":17,"column":26},"end":{"line":23,"column":5}}},"4":{"name":"(anonymous_5)","decl":{"start":{"line":24,"column":17},"end":{"line":24,"column":20}},"loc":{"start":{"line":24,"column":23},"end":{"line":27,"column":5}}}},"branchMap":{},"s":{"0":0,"1":0,"2":0,"3":0,"4":0,"5":0,"6":0,"7":0,"8":0,"9":0,"10":0,"11":0},"f":{"0":0,"1":0,"2":0,"3":0,"4":0},"b":{}}
,"C:\\ARCHIVOS\\TECNOLOGIA\\NODEPRO\\NODE-PRUEBA\\src\\generics\\generic.controller.ts": {"path":"C:\\ARCHIVOS\\TECNOLOGIA\\NODEPRO\\NODE-PRUEBA\\src\\generics\\generic.controller.ts","statementMap":{"0":{"start":{"line":4,"column":30},"end":{"line":4,"column":63}},"1":{"start":{"line":6,"column":2},"end":{"line":6,"column":56}},"2":{"start":{"line":9,"column":2},"end":{"line":9,"column":63}},"3":{"start":{"line":12,"column":2},"end":{"line":12,"column":54}},"4":{"start":{"line":15,"column":2},"end":{"line":15,"column":54}},"5":{"start":{"line":18,"column":2},"end":{"line":18,"column":54}},"6":{"start":{"line":25,"column":2},"end":{"line":25,"column":69}},"7":{"start":{"line":3,"column":0},"end":{"line":3,"column":22}}},"fnMap":{"0":{"name":"(anonymous_0)","decl":{"start":{"line":4,"column":1},"end":{"line":4,"column":30}},"loc":{"start":{"line":4,"column":63},"end":{"line":4,"column":67}}},"1":{"name":"(anonymous_1)","decl":{"start":{"line":5,"column":1},"end":{"line":5,"column":6}},"loc":{"start":{"line":5,"column":38},"end":{"line":7,"column":2}}},"2":{"name":"(anonymous_2)","decl":{"start":{"line":8,"column":1},"end":{"line":8,"column":6}},"loc":{"start":{"line":8,"column":50},"end":{"line":10,"column":2}}},"3":{"name":"(anonymous_3)","decl":{"start":{"line":11,"column":1},"end":{"line":11,"column":6}},"loc":{"start":{"line":11,"column":38},"end":{"line":13,"column":2}}},"4":{"name":"(anonymous_4)","decl":{"start":{"line":14,"column":1},"end":{"line":14,"column":6}},"loc":{"start":{"line":14,"column":50},"end":{"line":16,"column":2}}},"5":{"name":"(anonymous_5)","decl":{"start":{"line":17,"column":1},"end":{"line":17,"column":6}},"loc":{"start":{"line":17,"column":50},"end":{"line":19,"column":2}}},"6":{"name":"(anonymous_6)","decl":{"start":{"line":20,"column":1},"end":{"line":20,"column":6}},"loc":{"start":{"line":23,"column":18},"end":{"line":26,"column":2}}}},"branchMap":{"0":{"loc":{"start":{"line":21,"column":15},"end":{"line":21,"column":17}},"type":"default-arg","locations":[{"start":{"line":21,"column":15},"end":{"line":21,"column":17}}]}},"s":{"0":0,"1":0,"2":0,"3":0,"4":0,"5":0,"6":0,"7":0},"f":{"0":0,"1":0,"2":0,"3":0,"4":0,"5":0,"6":0},"b":{"0":[0]}}
,"C:\\ARCHIVOS\\TECNOLOGIA\\NODEPRO\\NODE-PRUEBA\\src\\generics\\generic.operations.ts": {"path":"C:\\ARCHIVOS\\TECNOLOGIA\\NODEPRO\\NODE-PRUEBA\\src\\generics\\generic.operations.ts","statementMap":{"0":{"start":{"line":10,"column":30},"end":{"line":10,"column":45}},"1":{"start":{"line":12,"column":21},"end":{"line":12,"column":56}},"2":{"start":{"line":13,"column":2},"end":{"line":13,"column":15}},"3":{"start":{"line":16,"column":18},"end":{"line":16,"column":54}},"4":{"start":{"line":17,"column":2},"end":{"line":17,"column":14}},"5":{"start":{"line":24,"column":21},"end":{"line":27,"column":19}},"6":{"start":{"line":28,"column":24},"end":{"line":28,"column":76}},"7":{"start":{"line":29,"column":2},"end":{"line":29,"column":26}},"8":{"start":{"line":32,"column":26},"end":{"line":32,"column":62}},"9":{"start":{"line":33,"column":2},"end":{"line":33,"column":22}},"10":{"start":{"line":36,"column":22},"end":{"line":38,"column":4}},"11":{"start":{"line":39,"column":2},"end":{"line":39,"column":21}},"12":{"start":{"line":42,"column":22},"end":{"line":47,"column":null}},"13":{"start":{"line":49,"column":2},"end":{"line":49,"column":21}},"14":{"start":{"line":8,"column":0},"end":{"line":8,"column":22}}},"fnMap":{"0":{"name":"(anonymous_0)","decl":{"start":{"line":10,"column":1},"end":{"line":10,"column":30}},"loc":{"start":{"line":10,"column":45},"end":{"line":10,"column":49}}},"1":{"name":"(anonymous_1)","decl":{"start":{"line":11,"column":1},"end":{"line":11,"column":6}},"loc":{"start":{"line":11,"column":45},"end":{"line":14,"column":2}}},"2":{"name":"(anonymous_2)","decl":{"start":{"line":15,"column":1},"end":{"line":15,"column":6}},"loc":{"start":{"line":15,"column":50},"end":{"line":18,"column":2}}},"3":{"name":"(anonymous_3)","decl":{"start":{"line":19,"column":1},"end":{"line":19,"column":6}},"loc":{"start":{"line":22,"column":18},"end":{"line":30,"column":2}}},"4":{"name":"(anonymous_4)","decl":{"start":{"line":31,"column":1},"end":{"line":31,"column":6}},"loc":{"start":{"line":31,"column":37},"end":{"line":34,"column":2}}},"5":{"name":"(anonymous_5)","decl":{"start":{"line":35,"column":1},"end":{"line":35,"column":6}},"loc":{"start":{"line":35,"column":54},"end":{"line":40,"column":2}}},"6":{"name":"(anonymous_6)","decl":{"start":{"line":41,"column":1},"end":{"line":41,"column":6}},"loc":{"start":{"line":41,"column":49},"end":{"line":50,"column":2}}}},"branchMap":{"0":{"loc":{"start":{"line":11,"column":43},"end":{"line":11,"column":45}},"type":"default-arg","locations":[{"start":{"line":11,"column":43},"end":{"line":11,"column":45}}]},"1":{"loc":{"start":{"line":20,"column":15},"end":{"line":20,"column":17}},"type":"default-arg","locations":[{"start":{"line":20,"column":15},"end":{"line":20,"column":17}}]},"2":{"loc":{"start":{"line":35,"column":43},"end":{"line":35,"column":45}},"type":"default-arg","locations":[{"start":{"line":35,"column":43},"end":{"line":35,"column":45}}]}},"s":{"0":0,"1":0,"2":0,"3":0,"4":0,"5":0,"6":0,"7":0,"8":0,"9":0,"10":0,"11":0,"12":0,"13":0,"14":1},"f":{"0":0,"1":0,"2":0,"3":0,"4":0,"5":0,"6":0},"b":{"0":[0],"1":[0],"2":[0]}}
,"C:\\ARCHIVOS\\TECNOLOGIA\\NODEPRO\\NODE-PRUEBA\\src\\generics\\generic.usecase.ts": {"path":"C:\\ARCHIVOS\\TECNOLOGIA\\NODEPRO\\NODE-PRUEBA\\src\\generics\\generic.usecase.ts","statementMap":{"0":{"start":{"line":4,"column":30},"end":{"line":4,"column":63}},"1":{"start":{"line":7,"column":2},"end":{"line":7,"column":61}},"2":{"start":{"line":10,"column":2},"end":{"line":10,"column":68}},"3":{"start":{"line":13,"column":2},"end":{"line":13,"column":62}},"4":{"start":{"line":16,"column":2},"end":{"line":16,"column":60}},"5":{"start":{"line":19,"column":2},"end":{"line":19,"column":59}},"6":{"start":{"line":26,"column":2},"end":{"line":30,"column":4}},"7":{"start":{"line":3,"column":0},"end":{"line":3,"column":22}}},"fnMap":{"0":{"name":"(anonymous_0)","decl":{"start":{"line":4,"column":1},"end":{"line":4,"column":30}},"loc":{"start":{"line":4,"column":63},"end":{"line":4,"column":67}}},"1":{"name":"(anonymous_1)","decl":{"start":{"line":6,"column":1},"end":{"line":6,"column":6}},"loc":{"start":{"line":6,"column":35},"end":{"line":8,"column":2}}},"2":{"name":"(anonymous_2)","decl":{"start":{"line":9,"column":1},"end":{"line":9,"column":6}},"loc":{"start":{"line":9,"column":47},"end":{"line":11,"column":2}}},"3":{"name":"(anonymous_3)","decl":{"start":{"line":12,"column":1},"end":{"line":12,"column":6}},"loc":{"start":{"line":12,"column":35},"end":{"line":14,"column":2}}},"4":{"name":"(anonymous_4)","decl":{"start":{"line":15,"column":1},"end":{"line":15,"column":6}},"loc":{"start":{"line":15,"column":47},"end":{"line":17,"column":2}}},"5":{"name":"(anonymous_5)","decl":{"start":{"line":18,"column":1},"end":{"line":18,"column":6}},"loc":{"start":{"line":18,"column":47},"end":{"line":20,"column":2}}},"6":{"name":"(anonymous_6)","decl":{"start":{"line":21,"column":1},"end":{"line":21,"column":6}},"loc":{"start":{"line":24,"column":18},"end":{"line":31,"column":2}}}},"branchMap":{},"s":{"0":1,"1":1,"2":0,"3":1,"4":1,"5":0,"6":1,"7":1},"f":{"0":1,"1":1,"2":0,"3":1,"4":1,"5":0,"6":1},"b":{}}
,"C:\\ARCHIVOS\\TECNOLOGIA\\NODEPRO\\NODE-PRUEBA\\src\\guards\\autenticacion.guard.ts": {"path":"C:\\ARCHIVOS\\TECNOLOGIA\\NODEPRO\\NODE-PRUEBA\\src\\guards\\autenticacion.guard.ts","statementMap":{"0":{"start":{"line":2,"column":0},"end":{"line":2,"column":58}},"1":{"start":{"line":6,"column":18},"end":{"line":6,"column":29}},"2":{"start":{"line":7,"column":29},"end":{"line":7,"column":53}},"3":{"start":{"line":8,"column":2},"end":{"line":26,"column":null}},"4":{"start":{"line":9,"column":30},"end":{"line":9,"column":54}},"5":{"start":{"line":10,"column":3},"end":{"line":23,"column":null}},"6":{"start":{"line":11,"column":4},"end":{"line":11,"column":44}},"7":{"start":{"line":13,"column":24},"end":{"line":13,"column":45}},"8":{"start":{"line":14,"column":4},"end":{"line":22,"column":6}},"9":{"start":{"line":16,"column":6},"end":{"line":16,"column":35}},"10":{"start":{"line":17,"column":6},"end":{"line":17,"column":13}},"11":{"start":{"line":20,"column":6},"end":{"line":20,"column":51}},"12":{"start":{"line":25,"column":3},"end":{"line":25,"column":43}},"13":{"start":{"line":4,"column":0},"end":{"line":4,"column":13}}},"fnMap":{"0":{"name":"(anonymous_0)","decl":{"start":{"line":5,"column":1},"end":{"line":5,"column":7}},"loc":{"start":{"line":5,"column":67},"end":{"line":27,"column":2}}},"1":{"name":"(anonymous_1)","decl":{"start":{"line":15,"column":5},"end":{"line":15,"column":12}},"loc":{"start":{"line":15,"column":15},"end":{"line":18,"column":6}}},"2":{"name":"(anonymous_2)","decl":{"start":{"line":19,"column":5},"end":{"line":19,"column":6}},"loc":{"start":{"line":19,"column":20},"end":{"line":21,"column":6}}}},"branchMap":{"0":{"loc":{"start":{"line":8,"column":2},"end":{"line":26,"column":null}},"type":"if","locations":[{"start":{"line":8,"column":2},"end":{"line":26,"column":null}},{"start":{"line":8,"column":2},"end":{"line":26,"column":null}}]},"1":{"loc":{"start":{"line":10,"column":3},"end":{"line":23,"column":null}},"type":"if","locations":[{"start":{"line":10,"column":3},"end":{"line":23,"column":null}},{"start":{"line":10,"column":3},"end":{"line":23,"column":null}}]}},"s":{"0":0,"1":0,"2":0,"3":0,"4":0,"5":0,"6":0,"7":0,"8":0,"9":0,"10":0,"11":0,"12":0,"13":0},"f":{"0":0,"1":0,"2":0},"b":{"0":[0,0],"1":[0,0]}}
,"C:\\ARCHIVOS\\TECNOLOGIA\\NODEPRO\\NODE-PRUEBA\\src\\guards\\authorizaton.guard.ts": {"path":"C:\\ARCHIVOS\\TECNOLOGIA\\NODEPRO\\NODE-PRUEBA\\src\\guards\\authorizaton.guard.ts","statementMap":{"0":{"start":{"line":5,"column":2},"end":{"line":18,"column":4}},"1":{"start":{"line":6,"column":21},"end":{"line":6,"column":39}},"2":{"start":{"line":7,"column":14},"end":{"line":7,"column":19}},"3":{"start":{"line":8,"column":3},"end":{"line":14,"column":6}},"4":{"start":{"line":9,"column":4},"end":{"line":13,"column":null}},"5":{"start":{"line":10,"column":5},"end":{"line":10,"column":17}},"6":{"start":{"line":11,"column":5},"end":{"line":11,"column":12}},"7":{"start":{"line":12,"column":5},"end":{"line":12,"column":12}},"8":{"start":{"line":15,"column":3},"end":{"line":17,"column":null}},"9":{"start":{"line":16,"column":4},"end":{"line":16,"column":48}},"10":{"start":{"line":3,"column":0},"end":{"line":3,"column":13}}},"fnMap":{"0":{"name":"(anonymous_0)","decl":{"start":{"line":4,"column":1},"end":{"line":4,"column":7}},"loc":{"start":{"line":4,"column":50},"end":{"line":19,"column":2}}},"1":{"name":"(anonymous_1)","decl":{"start":{"line":5,"column":9},"end":{"line":5,"column":10}},"loc":{"start":{"line":5,"column":61},"end":{"line":18,"column":3}}},"2":{"name":"(anonymous_2)","decl":{"start":{"line":8,"column":17},"end":{"line":8,"column":18}},"loc":{"start":{"line":8,"column":51},"end":{"line":14,"column":4}}}},"branchMap":{"0":{"loc":{"start":{"line":9,"column":4},"end":{"line":13,"column":null}},"type":"if","locations":[{"start":{"line":9,"column":4},"end":{"line":13,"column":null}},{"start":{"line":9,"column":4},"end":{"line":13,"column":null}}]},"1":{"loc":{"start":{"line":15,"column":3},"end":{"line":17,"column":null}},"type":"if","locations":[{"start":{"line":15,"column":3},"end":{"line":17,"column":null}},{"start":{"line":15,"column":3},"end":{"line":17,"column":null}}]}},"s":{"0":0,"1":0,"2":0,"3":0,"4":0,"5":0,"6":0,"7":0,"8":0,"9":0,"10":0},"f":{"0":0,"1":0,"2":0},"b":{"0":[0,0],"1":[0,0]}}
,"C:\\ARCHIVOS\\TECNOLOGIA\\NODEPRO\\NODE-PRUEBA\\src\\helper\\error.helper.ts": {"path":"C:\\ARCHIVOS\\TECNOLOGIA\\NODEPRO\\NODE-PRUEBA\\src\\helper\\error.helper.ts","statementMap":{"0":{"start":{"line":11,"column":2},"end":{"line":27,"column":6}},"1":{"start":{"line":12,"column":3},"end":{"line":27,"column":5}},"2":{"start":{"line":14,"column":4},"end":{"line":24,"column":null}},"3":{"start":{"line":15,"column":5},"end":{"line":15,"column":41}},"4":{"start":{"line":16,"column":5},"end":{"line":16,"column":24}},"5":{"start":{"line":17,"column":5},"end":{"line":17,"column":30}},"6":{"start":{"line":18,"column":5},"end":{"line":18,"column":23}},"7":{"start":{"line":20,"column":5},"end":{"line":20,"column":38}},"8":{"start":{"line":21,"column":5},"end":{"line":21,"column":38}},"9":{"start":{"line":22,"column":5},"end":{"line":22,"column":33}},"10":{"start":{"line":23,"column":5},"end":{"line":23,"column":29}},"11":{"start":{"line":26,"column":4},"end":{"line":26,"column":16}},"12":{"start":{"line":30,"column":24},"end":{"line":30,"column":51}},"13":{"start":{"line":31,"column":2},"end":{"line":31,"column":21}},"14":{"start":{"line":33,"column":2},"end":{"line":33,"column":14}},"15":{"start":{"line":36,"column":27},"end":{"line":40,"column":4}},"16":{"start":{"line":42,"column":2},"end":{"line":44,"column":null}},"17":{"start":{"line":43,"column":3},"end":{"line":43,"column":30}},"18":{"start":{"line":46,"column":2},"end":{"line":46,"column":33}},"19":{"start":{"line":7,"column":0},"end":{"line":7,"column":13}}},"fnMap":{"0":{"name":"(anonymous_0)","decl":{"start":{"line":8,"column":1},"end":{"line":8,"column":7}},"loc":{"start":{"line":9,"column":72},"end":{"line":28,"column":2}}},"1":{"name":"(anonymous_1)","decl":{"start":{"line":11,"column":9},"end":{"line":11,"column":10}},"loc":{"start":{"line":12,"column":3},"end":{"line":27,"column":5}}},"2":{"name":"(anonymous_2)","decl":{"start":{"line":12,"column":28},"end":{"line":12,"column":31}},"loc":{"start":{"line":12,"column":34},"end":{"line":27,"column":4}}},"3":{"name":"(anonymous_3)","decl":{"start":{"line":29,"column":1},"end":{"line":29,"column":7}},"loc":{"start":{"line":29,"column":68},"end":{"line":34,"column":2}}},"4":{"name":"(anonymous_4)","decl":{"start":{"line":35,"column":1},"end":{"line":35,"column":7}},"loc":{"start":{"line":35,"column":61},"end":{"line":47,"column":2}}}},"branchMap":{"0":{"loc":{"start":{"line":14,"column":4},"end":{"line":24,"column":null}},"type":"if","locations":[{"start":{"line":14,"column":4},"end":{"line":24,"column":null}},{"start":{"line":14,"column":4},"end":{"line":24,"column":null}}]},"1":{"loc":{"start":{"line":21,"column":20},"end":{"line":21,"column":30}},"type":"binary-expr","locations":[{"start":{"line":21,"column":20},"end":{"line":21,"column":30}},{"start":{"line":21,"column":34},"end":{"line":21,"column":37}}]},"2":{"loc":{"start":{"line":42,"column":2},"end":{"line":44,"column":null}},"type":"if","locations":[{"start":{"line":42,"column":2},"end":{"line":44,"column":null}},{"start":{"line":42,"column":2},"end":{"line":44,"column":null}}]}},"s":{"0":0,"1":0,"2":0,"3":0,"4":0,"5":0,"6":0,"7":0,"8":0,"9":0,"10":0,"11":0,"12":0,"13":0,"14":0,"15":0,"16":0,"17":0,"18":0,"19":0},"f":{"0":0,"1":0,"2":0,"3":0,"4":0},"b":{"0":[0,0],"1":[0,0],"2":[0,0]}}
,"C:\\ARCHIVOS\\TECNOLOGIA\\NODEPRO\\NODE-PRUEBA\\src\\medic\\application\\medic.usecase.ts": {"path":"C:\\ARCHIVOS\\TECNOLOGIA\\NODEPRO\\NODE-PRUEBA\\src\\medic\\application\\medic.usecase.ts","statementMap":{"0":{"start":{"line":1,"column":0},"end":{"line":1,"column":64}},"1":{"start":{"line":7,"column":2},"end":{"line":7,"column":20}},"2":{"start":{"line":6,"column":30},"end":{"line":6,"column":57}},"3":{"start":{"line":10,"column":2},"end":{"line":10,"column":32}},"4":{"start":{"line":5,"column":0},"end":{"line":5,"column":13}}},"fnMap":{"0":{"name":"(anonymous_0)","decl":{"start":{"line":6,"column":1},"end":{"line":6,"column":30}},"loc":{"start":{"line":6,"column":57},"end":{"line":8,"column":2}}},"1":{"name":"(anonymous_1)","decl":{"start":{"line":9,"column":1},"end":{"line":9,"column":19}},"loc":{"start":{"line":9,"column":19},"end":{"line":11,"column":2}}}},"branchMap":{},"s":{"0":1,"1":1,"2":1,"3":0,"4":1},"f":{"0":1,"1":0},"b":{}}
,"C:\\ARCHIVOS\\TECNOLOGIA\\NODEPRO\\NODE-PRUEBA\\src\\medic\\infraestructure\\medic.controller.ts": {"path":"C:\\ARCHIVOS\\TECNOLOGIA\\NODEPRO\\NODE-PRUEBA\\src\\medic\\infraestructure\\medic.controller.ts","statementMap":{"0":{"start":{"line":1,"column":0},"end":{"line":1,"column":70}},"1":{"start":{"line":7,"column":2},"end":{"line":7,"column":17}},"2":{"start":{"line":6,"column":30},"end":{"line":6,"column":51}},"3":{"start":{"line":10,"column":2},"end":{"line":10,"column":36}},"4":{"start":{"line":5,"column":0},"end":{"line":5,"column":13}}},"fnMap":{"0":{"name":"(anonymous_0)","decl":{"start":{"line":6,"column":1},"end":{"line":6,"column":30}},"loc":{"start":{"line":6,"column":51},"end":{"line":8,"column":2}}},"1":{"name":"(anonymous_1)","decl":{"start":{"line":9,"column":1},"end":{"line":9,"column":22}},"loc":{"start":{"line":9,"column":22},"end":{"line":11,"column":2}}}},"branchMap":{},"s":{"0":0,"1":0,"2":0,"3":0,"4":0},"f":{"0":0,"1":0},"b":{}}
,"C:\\ARCHIVOS\\TECNOLOGIA\\NODEPRO\\NODE-PRUEBA\\src\\medic\\infraestructure\\medic.model.ts": {"path":"C:\\ARCHIVOS\\TECNOLOGIA\\NODEPRO\\NODE-PRUEBA\\src\\medic\\infraestructure\\medic.model.ts","statementMap":{"0":{"start":{"line":1,"column":0},"end":{"line":1,"column":44}},"1":{"start":{"line":3,"column":15},"end":{"line":53,"column":2}},"2":{"start":{"line":55,"column":0},"end":{"line":55,"column":47}}},"fnMap":{},"branchMap":{},"s":{"0":1,"1":1,"2":1},"f":{},"b":{}}
,"C:\\ARCHIVOS\\TECNOLOGIA\\NODEPRO\\NODE-PRUEBA\\src\\medic\\infraestructure\\medic.operations.ts": {"path":"C:\\ARCHIVOS\\TECNOLOGIA\\NODEPRO\\NODE-PRUEBA\\src\\medic\\infraestructure\\medic.operations.ts","statementMap":{"0":{"start":{"line":2,"column":0},"end":{"line":2,"column":70}},"1":{"start":{"line":10,"column":2},"end":{"line":10,"column":15}},"2":{"start":{"line":9,"column":30},"end":{"line":9,"column":54}},"3":{"start":{"line":13,"column":2},"end":{"line":13,"column":45}},"4":{"start":{"line":6,"column":0},"end":{"line":6,"column":13}}},"fnMap":{"0":{"name":"(anonymous_0)","decl":{"start":{"line":9,"column":1},"end":{"line":9,"column":30}},"loc":{"start":{"line":9,"column":54},"end":{"line":11,"column":2}}},"1":{"name":"(anonymous_1)","decl":{"start":{"line":12,"column":1},"end":{"line":12,"column":12}},"loc":{"start":{"line":12,"column":12},"end":{"line":14,"column":2}}}},"branchMap":{},"s":{"0":1,"1":0,"2":0,"3":0,"4":1},"f":{"0":0,"1":0},"b":{}}
,"C:\\ARCHIVOS\\TECNOLOGIA\\NODEPRO\\NODE-PRUEBA\\src\\medic\\infraestructure\\medic.routes.ts": {"path":"C:\\ARCHIVOS\\TECNOLOGIA\\NODEPRO\\NODE-PRUEBA\\src\\medic\\infraestructure\\medic.routes.ts","statementMap":{"0":{"start":{"line":1,"column":0},"end":{"line":1,"column":53}},"1":{"start":{"line":2,"column":0},"end":{"line":2,"column":60}},"2":{"start":{"line":3,"column":0},"end":{"line":3,"column":53}},"3":{"start":{"line":4,"column":0},"end":{"line":4,"column":53}},"4":{"start":{"line":6,"column":0},"end":{"line":6,"column":39}},"5":{"start":{"line":7,"column":0},"end":{"line":7,"column":68}},"6":{"start":{"line":8,"column":0},"end":{"line":8,"column":56}},"7":{"start":{"line":9,"column":0},"end":{"line":9,"column":57}},"8":{"start":{"line":11,"column":0},"end":{"line":11,"column":24}},"9":{"start":{"line":12,"column":0},"end":{"line":12,"column":51}},"10":{"start":{"line":13,"column":12},"end":{"line":13,"column":18}},"11":{"start":{"line":15,"column":24},"end":{"line":15,"column":55}},"12":{"start":{"line":16,"column":21},"end":{"line":16,"column":54}},"13":{"start":{"line":17,"column":24},"end":{"line":17,"column":57}},"14":{"start":{"line":19,"column":15},"end":{"line":19,"column":31}},"15":{"start":{"line":83,"column":9},"end":{"line":83,"column":15}},"16":{"start":{"line":21,"column":0},"end":{"line":29,"column":2}},"17":{"start":{"line":24,"column":17},"end":{"line":26,"column":4}},"18":{"start":{"line":27,"column":2},"end":{"line":27,"column":19}},"19":{"start":{"line":30,"column":0},"end":{"line":37,"column":2}},"20":{"start":{"line":33,"column":21},"end":{"line":33,"column":34}},"21":{"start":{"line":34,"column":17},"end":{"line":34,"column":66}},"22":{"start":{"line":35,"column":2},"end":{"line":35,"column":19}},"23":{"start":{"line":38,"column":0},"end":{"line":46,"column":2}},"24":{"start":{"line":42,"column":29},"end":{"line":42,"column":37}},"25":{"start":{"line":43,"column":17},"end":{"line":43,"column":69}},"26":{"start":{"line":44,"column":2},"end":{"line":44,"column":19}},"27":{"start":{"line":47,"column":0},"end":{"line":59,"column":2}},"28":{"start":{"line":51,"column":29},"end":{"line":51,"column":37}},"29":{"start":{"line":52,"column":21},"end":{"line":52,"column":34}},"30":{"start":{"line":53,"column":17},"end":{"line":55,"column":null}},"31":{"start":{"line":57,"column":2},"end":{"line":57,"column":19}},"32":{"start":{"line":60,"column":0},"end":{"line":68,"column":2}},"33":{"start":{"line":64,"column":21},"end":{"line":64,"column":34}},"34":{"start":{"line":65,"column":17},"end":{"line":65,"column":66}},"35":{"start":{"line":66,"column":2},"end":{"line":66,"column":19}},"36":{"start":{"line":69,"column":0},"end":{"line":81,"column":2}},"37":{"start":{"line":73,"column":15},"end":{"line":73,"column":31}},"38":{"start":{"line":74,"column":17},"end":{"line":77,"column":null}},"39":{"start":{"line":79,"column":2},"end":{"line":79,"column":45}}},"fnMap":{"0":{"name":"(anonymous_1)","decl":{"start":{"line":23,"column":20},"end":{"line":23,"column":25}},"loc":{"start":{"line":23,"column":58},"end":{"line":28,"column":2}}},"1":{"name":"(anonymous_2)","decl":{"start":{"line":32,"column":20},"end":{"line":32,"column":25}},"loc":{"start":{"line":32,"column":58},"end":{"line":36,"column":2}}},"2":{"name":"(anonymous_3)","decl":{"start":{"line":41,"column":20},"end":{"line":41,"column":25}},"loc":{"start":{"line":41,"column":58},"end":{"line":45,"column":2}}},"3":{"name":"(anonymous_4)","decl":{"start":{"line":50,"column":20},"end":{"line":50,"column":25}},"loc":{"start":{"line":50,"column":58},"end":{"line":58,"column":2}}},"4":{"name":"(anonymous_5)","decl":{"start":{"line":63,"column":20},"end":{"line":63,"column":25}},"loc":{"start":{"line":63,"column":58},"end":{"line":67,"column":2}}},"5":{"name":"(anonymous_6)","decl":{"start":{"line":72,"column":20},"end":{"line":72,"column":25}},"loc":{"start":{"line":72,"column":58},"end":{"line":80,"column":2}}}},"branchMap":{},"s":{"0":0,"1":0,"2":0,"3":0,"4":0,"5":0,"6":0,"7":0,"8":0,"9":0,"10":0,"11":0,"12":0,"13":0,"14":0,"15":0,"16":0,"17":0,"18":0,"19":0,"20":0,"21":0,"22":0,"23":0,"24":0,"25":0,"26":0,"27":0,"28":0,"29":0,"30":0,"31":0,"32":0,"33":0,"34":0,"35":0,"36":0,"37":0,"38":0,"39":0},"f":{"0":0,"1":0,"2":0,"3":0,"4":0,"5":0},"b":{}}
,"C:\\ARCHIVOS\\TECNOLOGIA\\NODEPRO\\NODE-PRUEBA\\src\\medic\\infraestructure\\medic.schema.ts": {"path":"C:\\ARCHIVOS\\TECNOLOGIA\\NODEPRO\\NODE-PRUEBA\\src\\medic\\infraestructure\\medic.schema.ts","statementMap":{"0":{"start":{"line":1,"column":0},"end":{"line":1,"column":22}},"1":{"start":{"line":3,"column":13},"end":{"line":46,"column":2}}},"fnMap":{},"branchMap":{},"s":{"0":0,"1":0},"f":{},"b":{}}
,"C:\\ARCHIVOS\\TECNOLOGIA\\NODEPRO\\NODE-PRUEBA\\src\\middleware\\upload.middleware.ts": {"path":"C:\\ARCHIVOS\\TECNOLOGIA\\NODEPRO\\NODE-PRUEBA\\src\\middleware\\upload.middleware.ts","statementMap":{"0":{"start":{"line":2,"column":0},"end":{"line":2,"column":24}},"1":{"start":{"line":3,"column":0},"end":{"line":3,"column":28}},"2":{"start":{"line":4,"column":0},"end":{"line":4,"column":34}},"3":{"start":{"line":6,"column":0},"end":{"line":6,"column":26}},"4":{"start":{"line":8,"column":0},"end":{"line":8,"column":24}},"5":{"start":{"line":11,"column":12},"end":{"line":11,"column":18}},"6":{"start":{"line":13,"column":0},"end":{"line":17,"column":3}},"7":{"start":{"line":18,"column":11},"end":{"line":18,"column":23}},"8":{"start":{"line":20,"column":19},"end":{"line":33,"column":1}},"9":{"start":{"line":21,"column":19},"end":{"line":21,"column":47}},"10":{"start":{"line":22,"column":1},"end":{"line":32,"column":null}},"11":{"start":{"line":23,"column":24},"end":{"line":23,"column":53}},"12":{"start":{"line":24,"column":2},"end":{"line":24,"column":21}},"13":{"start":{"line":25,"column":2},"end":{"line":25,"column":19}},"14":{"start":{"line":26,"column":8},"end":{"line":32,"column":null}},"15":{"start":{"line":27,"column":24},"end":{"line":27,"column":56}},"16":{"start":{"line":28,"column":2},"end":{"line":28,"column":21}},"17":{"start":{"line":29,"column":2},"end":{"line":29,"column":19}},"18":{"start":{"line":31,"column":2},"end":{"line":31,"column":17}},"19":{"start":{"line":37,"column":2},"end":{"line":57,"column":23}},"20":{"start":{"line":46,"column":5},"end":{"line":46,"column":45}},"21":{"start":{"line":49,"column":23},"end":{"line":49,"column":54}},"22":{"start":{"line":50,"column":18},"end":{"line":50,"column":39}},"23":{"start":{"line":51,"column":21},"end":{"line":51,"column":37}},"24":{"start":{"line":53,"column":5},"end":{"line":53,"column":96}},"25":{"start":{"line":54,"column":5},"end":{"line":54,"column":23}},"26":{"start":{"line":35,"column":0},"end":{"line":35,"column":13}}},"fnMap":{"0":{"name":"(anonymous_1)","decl":{"start":{"line":20,"column":19},"end":{"line":20,"column":20}},"loc":{"start":{"line":20,"column":72},"end":{"line":33,"column":1}}},"1":{"name":"(anonymous_2)","decl":{"start":{"line":36,"column":1},"end":{"line":36,"column":7}},"loc":{"start":{"line":36,"column":28},"end":{"line":58,"column":2}}},"2":{"name":"(anonymous_3)","decl":{"start":{"line":45,"column":4},"end":{"line":45,"column":12}},"loc":{"start":{"line":45,"column":26},"end":{"line":47,"column":5}}},"3":{"name":"(anonymous_4)","decl":{"start":{"line":48,"column":4},"end":{"line":48,"column":7}},"loc":{"start":{"line":48,"column":30},"end":{"line":55,"column":5}}}},"branchMap":{"0":{"loc":{"start":{"line":22,"column":1},"end":{"line":32,"column":null}},"type":"if","locations":[{"start":{"line":22,"column":1},"end":{"line":32,"column":null}},{"start":{"line":22,"column":1},"end":{"line":32,"column":null}}]},"1":{"loc":{"start":{"line":26,"column":8},"end":{"line":32,"column":null}},"type":"if","locations":[{"start":{"line":26,"column":8},"end":{"line":32,"column":null}},{"start":{"line":26,"column":8},"end":{"line":32,"column":null}}]}},"s":{"0":0,"1":0,"2":0,"3":0,"4":0,"5":0,"6":0,"7":0,"8":0,"9":0,"10":0,"11":0,"12":0,"13":0,"14":0,"15":0,"16":0,"17":0,"18":0,"19":0,"20":0,"21":0,"22":0,"23":0,"24":0,"25":0,"26":0},"f":{"0":0,"1":0,"2":0,"3":0},"b":{"0":[0,0],"1":[0,0]}}
,"C:\\ARCHIVOS\\TECNOLOGIA\\NODEPRO\\NODE-PRUEBA\\src\\role\\application\\role.usecase.ts": {"path":"C:\\ARCHIVOS\\TECNOLOGIA\\NODEPRO\\NODE-PRUEBA\\src\\role\\application\\role.usecase.ts","statementMap":{"0":{"start":{"line":1,"column":0},"end":{"line":1,"column":64}},"1":{"start":{"line":7,"column":2},"end":{"line":7,"column":20}},"2":{"start":{"line":6,"column":30},"end":{"line":6,"column":56}},"3":{"start":{"line":5,"column":0},"end":{"line":5,"column":13}}},"fnMap":{"0":{"name":"(anonymous_0)","decl":{"start":{"line":6,"column":1},"end":{"line":6,"column":30}},"loc":{"start":{"line":6,"column":56},"end":{"line":8,"column":2}}}},"branchMap":{},"s":{"0":0,"1":0,"2":0,"3":0},"f":{"0":0},"b":{}}
,"C:\\ARCHIVOS\\TECNOLOGIA\\NODEPRO\\NODE-PRUEBA\\src\\role\\infraestructure\\role.controller.ts": {"path":"C:\\ARCHIVOS\\TECNOLOGIA\\NODEPRO\\NODE-PRUEBA\\src\\role\\infraestructure\\role.controller.ts","statementMap":{"0":{"start":{"line":1,"column":0},"end":{"line":1,"column":70}},"1":{"start":{"line":7,"column":2},"end":{"line":7,"column":17}},"2":{"start":{"line":6,"column":30},"end":{"line":6,"column":50}},"3":{"start":{"line":5,"column":0},"end":{"line":5,"column":13}}},"fnMap":{"0":{"name":"(anonymous_0)","decl":{"start":{"line":6,"column":1},"end":{"line":6,"column":30}},"loc":{"start":{"line":6,"column":50},"end":{"line":8,"column":2}}}},"branchMap":{},"s":{"0":0,"1":0,"2":0,"3":0},"f":{"0":0},"b":{}}
,"C:\\ARCHIVOS\\TECNOLOGIA\\NODEPRO\\NODE-PRUEBA\\src\\role\\infraestructure\\role.model.ts": {"path":"C:\\ARCHIVOS\\TECNOLOGIA\\NODEPRO\\NODE-PRUEBA\\src\\role\\infraestructure\\role.model.ts","statementMap":{"0":{"start":{"line":1,"column":0},"end":{"line":1,"column":44}},"1":{"start":{"line":3,"column":15},"end":{"line":13,"column":2}},"2":{"start":{"line":15,"column":0},"end":{"line":15,"column":46}}},"fnMap":{},"branchMap":{},"s":{"0":0,"1":0,"2":0},"f":{},"b":{}}
,"C:\\ARCHIVOS\\TECNOLOGIA\\NODEPRO\\NODE-PRUEBA\\src\\role\\infraestructure\\role.operations.ts": {"path":"C:\\ARCHIVOS\\TECNOLOGIA\\NODEPRO\\NODE-PRUEBA\\src\\role\\infraestructure\\role.operations.ts","statementMap":{"0":{"start":{"line":1,"column":0},"end":{"line":1,"column":70}},"1":{"start":{"line":10,"column":2},"end":{"line":10,"column":15}},"2":{"start":{"line":9,"column":30},"end":{"line":9,"column":53}},"3":{"start":{"line":6,"column":0},"end":{"line":6,"column":13}}},"fnMap":{"0":{"name":"(anonymous_0)","decl":{"start":{"line":9,"column":1},"end":{"line":9,"column":30}},"loc":{"start":{"line":9,"column":53},"end":{"line":11,"column":2}}}},"branchMap":{},"s":{"0":0,"1":0,"2":0,"3":0},"f":{"0":0},"b":{}}
,"C:\\ARCHIVOS\\TECNOLOGIA\\NODEPRO\\NODE-PRUEBA\\src\\role\\infraestructure\\role.routes.ts": {"path":"C:\\ARCHIVOS\\TECNOLOGIA\\NODEPRO\\NODE-PRUEBA\\src\\role\\infraestructure\\role.routes.ts","statementMap":{"0":{"start":{"line":1,"column":0},"end":{"line":1,"column":53}},"1":{"start":{"line":3,"column":0},"end":{"line":3,"column":51}},"2":{"start":{"line":5,"column":0},"end":{"line":5,"column":57}},"3":{"start":{"line":6,"column":0},"end":{"line":6,"column":68}},"4":{"start":{"line":7,"column":0},"end":{"line":7,"column":54}},"5":{"start":{"line":8,"column":0},"end":{"line":8,"column":24}},"6":{"start":{"line":9,"column":0},"end":{"line":9,"column":51}},"7":{"start":{"line":10,"column":0},"end":{"line":10,"column":37}},"8":{"start":{"line":11,"column":0},"end":{"line":11,"column":58}},"9":{"start":{"line":12,"column":0},"end":{"line":12,"column":51}},"10":{"start":{"line":14,"column":12},"end":{"line":14,"column":18}},"11":{"start":{"line":17,"column":23},"end":{"line":17,"column":52}},"12":{"start":{"line":18,"column":20},"end":{"line":18,"column":51}},"13":{"start":{"line":19,"column":23},"end":{"line":19,"column":54}},"14":{"start":{"line":21,"column":15},"end":{"line":21,"column":31}},"15":{"start":{"line":91,"column":9},"end":{"line":91,"column":15}},"16":{"start":{"line":23,"column":0},"end":{"line":31,"column":2}},"17":{"start":{"line":26,"column":17},"end":{"line":28,"column":4}},"18":{"start":{"line":29,"column":2},"end":{"line":29,"column":19}},"19":{"start":{"line":32,"column":0},"end":{"line":40,"column":2}},"20":{"start":{"line":36,"column":13},"end":{"line":36,"column":26}},"21":{"start":{"line":37,"column":17},"end":{"line":37,"column":65}},"22":{"start":{"line":38,"column":2},"end":{"line":38,"column":19}},"23":{"start":{"line":41,"column":0},"end":{"line":49,"column":2}},"24":{"start":{"line":45,"column":27},"end":{"line":45,"column":35}},"25":{"start":{"line":46,"column":17},"end":{"line":46,"column":67}},"26":{"start":{"line":47,"column":2},"end":{"line":47,"column":19}},"27":{"start":{"line":50,"column":0},"end":{"line":62,"column":2}},"28":{"start":{"line":54,"column":13},"end":{"line":54,"column":26}},"29":{"start":{"line":55,"column":27},"end":{"line":55,"column":35}},"30":{"start":{"line":56,"column":17},"end":{"line":58,"column":null}},"31":{"start":{"line":60,"column":2},"end":{"line":60,"column":19}},"32":{"start":{"line":63,"column":0},"end":{"line":71,"column":2}},"33":{"start":{"line":67,"column":13},"end":{"line":67,"column":26}},"34":{"start":{"line":68,"column":17},"end":{"line":68,"column":65}},"35":{"start":{"line":69,"column":2},"end":{"line":69,"column":19}},"36":{"start":{"line":72,"column":0},"end":{"line":89,"column":2}},"37":{"start":{"line":76,"column":23},"end":{"line":76,"column":39}},"38":{"start":{"line":77,"column":17},"end":{"line":82,"column":null}},"39":{"start":{"line":84,"column":2},"end":{"line":87,"column":5}}},"fnMap":{"0":{"name":"(anonymous_1)","decl":{"start":{"line":25,"column":20},"end":{"line":25,"column":25}},"loc":{"start":{"line":25,"column":58},"end":{"line":30,"column":2}}},"1":{"name":"(anonymous_2)","decl":{"start":{"line":35,"column":20},"end":{"line":35,"column":25}},"loc":{"start":{"line":35,"column":58},"end":{"line":39,"column":2}}},"2":{"name":"(anonymous_3)","decl":{"start":{"line":44,"column":20},"end":{"line":44,"column":25}},"loc":{"start":{"line":44,"column":58},"end":{"line":48,"column":2}}},"3":{"name":"(anonymous_4)","decl":{"start":{"line":53,"column":20},"end":{"line":53,"column":25}},"loc":{"start":{"line":53,"column":58},"end":{"line":61,"column":2}}},"4":{"name":"(anonymous_5)","decl":{"start":{"line":66,"column":20},"end":{"line":66,"column":25}},"loc":{"start":{"line":66,"column":58},"end":{"line":70,"column":2}}},"5":{"name":"(anonymous_6)","decl":{"start":{"line":75,"column":20},"end":{"line":75,"column":25}},"loc":{"start":{"line":75,"column":58},"end":{"line":88,"column":2}}}},"branchMap":{},"s":{"0":0,"1":0,"2":0,"3":0,"4":0,"5":0,"6":0,"7":0,"8":0,"9":0,"10":0,"11":0,"12":0,"13":0,"14":0,"15":0,"16":0,"17":0,"18":0,"19":0,"20":0,"21":0,"22":0,"23":0,"24":0,"25":0,"26":0,"27":0,"28":0,"29":0,"30":0,"31":0,"32":0,"33":0,"34":0,"35":0,"36":0,"37":0,"38":0,"39":0},"f":{"0":0,"1":0,"2":0,"3":0,"4":0,"5":0},"b":{}}
,"C:\\ARCHIVOS\\TECNOLOGIA\\NODEPRO\\NODE-PRUEBA\\src\\role\\infraestructure\\role.schema.ts": {"path":"C:\\ARCHIVOS\\TECNOLOGIA\\NODEPRO\\NODE-PRUEBA\\src\\role\\infraestructure\\role.schema.ts","statementMap":{"0":{"start":{"line":1,"column":0},"end":{"line":1,"column":22}},"1":{"start":{"line":3,"column":13},"end":{"line":32,"column":2}}},"fnMap":{},"branchMap":{},"s":{"0":0,"1":0},"f":{},"b":{}}
,"C:\\ARCHIVOS\\TECNOLOGIA\\NODEPRO\\NODE-PRUEBA\\src\\user\\application\\user.usecase.ts": {"path":"C:\\ARCHIVOS\\TECNOLOGIA\\NODEPRO\\NODE-PRUEBA\\src\\user\\application\\user.usecase.ts","statementMap":{"0":{"start":{"line":1,"column":0},"end":{"line":1,"column":64}},"1":{"start":{"line":4,"column":0},"end":{"line":4,"column":32}},"2":{"start":{"line":8,"column":2},"end":{"line":8,"column":20}},"3":{"start":{"line":7,"column":30},"end":{"line":7,"column":56}},"4":{"start":{"line":11,"column":27},"end":{"line":11,"column":65}},"5":{"start":{"line":12,"column":2},"end":{"line":12,"column":27}},"6":{"start":{"line":13,"column":2},"end":{"line":13,"column":54}},"7":{"start":{"line":6,"column":0},"end":{"line":6,"column":13}}},"fnMap":{"0":{"name":"(anonymous_1)","decl":{"start":{"line":7,"column":1},"end":{"line":7,"column":30}},"loc":{"start":{"line":7,"column":56},"end":{"line":9,"column":2}}},"1":{"name":"(anonymous_2)","decl":{"start":{"line":10,"column":1},"end":{"line":10,"column":6}},"loc":{"start":{"line":10,"column":44},"end":{"line":14,"column":2}}}},"branchMap":{},"s":{"0":0,"1":0,"2":0,"3":0,"4":0,"5":0,"6":0,"7":0},"f":{"0":0,"1":0},"b":{}}
,"C:\\ARCHIVOS\\TECNOLOGIA\\NODEPRO\\NODE-PRUEBA\\src\\user\\infraestructure\\user.controller.ts": {"path":"C:\\ARCHIVOS\\TECNOLOGIA\\NODEPRO\\NODE-PRUEBA\\src\\user\\infraestructure\\user.controller.ts","statementMap":{"0":{"start":{"line":1,"column":0},"end":{"line":1,"column":70}},"1":{"start":{"line":7,"column":2},"end":{"line":7,"column":17}},"2":{"start":{"line":6,"column":30},"end":{"line":6,"column":50}},"3":{"start":{"line":5,"column":0},"end":{"line":5,"column":13}}},"fnMap":{"0":{"name":"(anonymous_0)","decl":{"start":{"line":6,"column":1},"end":{"line":6,"column":30}},"loc":{"start":{"line":6,"column":50},"end":{"line":8,"column":2}}}},"branchMap":{},"s":{"0":0,"1":0,"2":0,"3":0},"f":{"0":0},"b":{}}
,"C:\\ARCHIVOS\\TECNOLOGIA\\NODEPRO\\NODE-PRUEBA\\src\\user\\infraestructure\\user.model.ts": {"path":"C:\\ARCHIVOS\\TECNOLOGIA\\NODEPRO\\NODE-PRUEBA\\src\\user\\infraestructure\\user.model.ts","statementMap":{"0":{"start":{"line":1,"column":0},"end":{"line":1,"column":44}},"1":{"start":{"line":3,"column":15},"end":{"line":37,"column":2}},"2":{"start":{"line":39,"column":0},"end":{"line":39,"column":46}}},"fnMap":{},"branchMap":{},"s":{"0":0,"1":0,"2":0},"f":{},"b":{}}
,"C:\\ARCHIVOS\\TECNOLOGIA\\NODEPRO\\NODE-PRUEBA\\src\\user\\infraestructure\\user.operations.ts": {"path":"C:\\ARCHIVOS\\TECNOLOGIA\\NODEPRO\\NODE-PRUEBA\\src\\user\\infraestructure\\user.operations.ts","statementMap":{"0":{"start":{"line":1,"column":0},"end":{"line":1,"column":70}},"1":{"start":{"line":10,"column":2},"end":{"line":10,"column":15}},"2":{"start":{"line":9,"column":30},"end":{"line":9,"column":53}},"3":{"start":{"line":6,"column":0},"end":{"line":6,"column":13}}},"fnMap":{"0":{"name":"(anonymous_0)","decl":{"start":{"line":9,"column":1},"end":{"line":9,"column":30}},"loc":{"start":{"line":9,"column":53},"end":{"line":11,"column":2}}}},"branchMap":{},"s":{"0":0,"1":0,"2":0,"3":0},"f":{"0":0},"b":{}}
,"C:\\ARCHIVOS\\TECNOLOGIA\\NODEPRO\\NODE-PRUEBA\\src\\user\\infraestructure\\user.routes.ts": {"path":"C:\\ARCHIVOS\\TECNOLOGIA\\NODEPRO\\NODE-PRUEBA\\src\\user\\infraestructure\\user.routes.ts","statementMap":{"0":{"start":{"line":1,"column":0},"end":{"line":1,"column":53}},"1":{"start":{"line":2,"column":0},"end":{"line":2,"column":37}},"2":{"start":{"line":3,"column":0},"end":{"line":3,"column":51}},"3":{"start":{"line":4,"column":0},"end":{"line":4,"column":58}},"4":{"start":{"line":5,"column":0},"end":{"line":5,"column":51}},"5":{"start":{"line":6,"column":0},"end":{"line":6,"column":51}},"6":{"start":{"line":8,"column":0},"end":{"line":8,"column":57}},"7":{"start":{"line":9,"column":0},"end":{"line":9,"column":68}},"8":{"start":{"line":10,"column":0},"end":{"line":10,"column":54}},"9":{"start":{"line":11,"column":0},"end":{"line":11,"column":24}},"10":{"start":{"line":12,"column":0},"end":{"line":12,"column":71}},"11":{"start":{"line":13,"column":0},"end":{"line":13,"column":69}},"12":{"start":{"line":14,"column":0},"end":{"line":14,"column":60}},"13":{"start":{"line":16,"column":12},"end":{"line":16,"column":18}},"14":{"start":{"line":18,"column":23},"end":{"line":18,"column":52}},"15":{"start":{"line":19,"column":20},"end":{"line":19,"column":51}},"16":{"start":{"line":20,"column":23},"end":{"line":20,"column":54}},"17":{"start":{"line":22,"column":15},"end":{"line":22,"column":31}},"18":{"start":{"line":119,"column":9},"end":{"line":119,"column":15}},"19":{"start":{"line":24,"column":0},"end":{"line":33,"column":2}},"20":{"start":{"line":28,"column":17},"end":{"line":30,"column":4}},"21":{"start":{"line":31,"column":2},"end":{"line":31,"column":19}},"22":{"start":{"line":34,"column":0},"end":{"line":46,"column":2}},"23":{"start":{"line":42,"column":13},"end":{"line":42,"column":26}},"24":{"start":{"line":43,"column":17},"end":{"line":43,"column":65}},"25":{"start":{"line":44,"column":2},"end":{"line":44,"column":19}},"26":{"start":{"line":47,"column":0},"end":{"line":56,"column":2}},"27":{"start":{"line":52,"column":27},"end":{"line":52,"column":35}},"28":{"start":{"line":53,"column":17},"end":{"line":53,"column":67}},"29":{"start":{"line":54,"column":2},"end":{"line":54,"column":19}},"30":{"start":{"line":57,"column":0},"end":{"line":74,"column":2}},"31":{"start":{"line":66,"column":13},"end":{"line":66,"column":26}},"32":{"start":{"line":67,"column":27},"end":{"line":67,"column":35}},"33":{"start":{"line":68,"column":17},"end":{"line":70,"column":null}},"34":{"start":{"line":72,"column":2},"end":{"line":72,"column":19}},"35":{"start":{"line":75,"column":0},"end":{"line":87,"column":2}},"36":{"start":{"line":83,"column":13},"end":{"line":83,"column":26}},"37":{"start":{"line":84,"column":17},"end":{"line":84,"column":65}},"38":{"start":{"line":85,"column":2},"end":{"line":85,"column":19}},"39":{"start":{"line":88,"column":0},"end":{"line":109,"column":2}},"40":{"start":{"line":96,"column":23},"end":{"line":96,"column":39}},"41":{"start":{"line":97,"column":17},"end":{"line":102,"column":null}},"42":{"start":{"line":104,"column":2},"end":{"line":107,"column":5}},"43":{"start":{"line":111,"column":0},"end":{"line":117,"column":2}},"44":{"start":{"line":115,"column":2},"end":{"line":115,"column":37}}},"fnMap":{"0":{"name":"(anonymous_1)","decl":{"start":{"line":27,"column":20},"end":{"line":27,"column":25}},"loc":{"start":{"line":27,"column":58},"end":{"line":32,"column":2}}},"1":{"name":"(anonymous_2)","decl":{"start":{"line":41,"column":20},"end":{"line":41,"column":25}},"loc":{"start":{"line":41,"column":58},"end":{"line":45,"column":2}}},"2":{"name":"(anonymous_3)","decl":{"start":{"line":51,"column":20},"end":{"line":51,"column":25}},"loc":{"start":{"line":51,"column":58},"end":{"line":55,"column":2}}},"3":{"name":"(anonymous_4)","decl":{"start":{"line":65,"column":20},"end":{"line":65,"column":25}},"loc":{"start":{"line":65,"column":58},"end":{"line":73,"column":2}}},"4":{"name":"(anonymous_5)","decl":{"start":{"line":82,"column":20},"end":{"line":82,"column":25}},"loc":{"start":{"line":82,"column":58},"end":{"line":86,"column":2}}},"5":{"name":"(anonymous_6)","decl":{"start":{"line":95,"column":20},"end":{"line":95,"column":25}},"loc":{"start":{"line":95,"column":58},"end":{"line":108,"column":2}}},"6":{"name":"(anonymous_7)","decl":{"start":{"line":114,"column":1},"end":{"line":114,"column":6}},"loc":{"start":{"line":114,"column":39},"end":{"line":116,"column":2}}}},"branchMap":{},"s":{"0":0,"1":0,"2":0,"3":0,"4":0,"5":0,"6":0,"7":0,"8":0,"9":0,"10":0,"11":0,"12":0,"13":0,"14":0,"15":0,"16":0,"17":0,"18":0,"19":0,"20":0,"21":0,"22":0,"23":0,"24":0,"25":0,"26":0,"27":0,"28":0,"29":0,"30":0,"31":0,"32":0,"33":0,"34":0,"35":0,"36":0,"37":0,"38":0,"39":0,"40":0,"41":0,"42":0,"43":0,"44":0},"f":{"0":0,"1":0,"2":0,"3":0,"4":0,"5":0,"6":0},"b":{}}
,"C:\\ARCHIVOS\\TECNOLOGIA\\NODEPRO\\NODE-PRUEBA\\src\\user\\infraestructure\\user.schema.ts": {"path":"C:\\ARCHIVOS\\TECNOLOGIA\\NODEPRO\\NODE-PRUEBA\\src\\user\\infraestructure\\user.schema.ts","statementMap":{"0":{"start":{"line":1,"column":0},"end":{"line":1,"column":22}},"1":{"start":{"line":3,"column":13},"end":{"line":39,"column":2}}},"fnMap":{},"branchMap":{},"s":{"0":0,"1":0},"f":{},"b":{}}
,"C:\\ARCHIVOS\\TECNOLOGIA\\NODEPRO\\NODE-PRUEBA\\src\\validators\\mongo.utils.ts": {"path":"C:\\ARCHIVOS\\TECNOLOGIA\\NODEPRO\\NODE-PRUEBA\\src\\validators\\mongo.utils.ts","statementMap":{"0":{"start":{"line":4,"column":12},"end":{"line":4,"column":25}},"1":{"start":{"line":6,"column":1},"end":{"line":12,"column":null}},"2":{"start":{"line":7,"column":2},"end":{"line":10,"column":5}},"3":{"start":{"line":11,"column":2},"end":{"line":11,"column":9}},"4":{"start":{"line":13,"column":1},"end":{"line":13,"column":8}},"5":{"start":{"line":3,"column":0},"end":{"line":3,"column":16}}},"fnMap":{"0":{"name":"validarId","decl":{"start":{"line":3,"column":16},"end":{"line":3,"column":25}},"loc":{"start":{"line":3,"column":73},"end":{"line":14,"column":1}}}},"branchMap":{"0":{"loc":{"start":{"line":6,"column":1},"end":{"line":12,"column":null}},"type":"if","locations":[{"start":{"line":6,"column":1},"end":{"line":12,"column":null}},{"start":{"line":6,"column":1},"end":{"line":12,"column":null}}]}},"s":{"0":0,"1":0,"2":0,"3":0,"4":0,"5":0},"f":{"0":0},"b":{"0":[0,0]}}
,"C:\\ARCHIVOS\\TECNOLOGIA\\NODEPRO\\NODE-PRUEBA\\src\\validators\\schema.validator.ts": {"path":"C:\\ARCHIVOS\\TECNOLOGIA\\NODEPRO\\NODE-PRUEBA\\src\\validators\\schema.validator.ts","statementMap":{"0":{"start":{"line":11,"column":24},"end":{"line":11,"column":56}},"1":{"start":{"line":12,"column":2},"end":{"line":12,"column":41}},"2":{"start":{"line":13,"column":2},"end":{"line":13,"column":43}},"3":{"start":{"line":14,"column":2},"end":{"line":14,"column":39}},"4":{"start":{"line":15,"column":2},"end":{"line":15,"column":14}},"5":{"start":{"line":18,"column":2},"end":{"line":78,"column":4}},"6":{"start":{"line":19,"column":35},"end":{"line":19,"column":73}},"7":{"start":{"line":20,"column":48},"end":{"line":20,"column":50}},"8":{"start":{"line":21,"column":3},"end":{"line":46,"column":6}},"9":{"start":{"line":22,"column":4},"end":{"line":45,"column":null}},"10":{"start":{"line":23,"column":5},"end":{"line":44,"column":null}},"11":{"start":{"line":25,"column":7},"end":{"line":27,"column":9}},"12":{"start":{"line":28,"column":7},"end":{"line":28,"column":13}},"13":{"start":{"line":30,"column":7},"end":{"line":32,"column":9}},"14":{"start":{"line":33,"column":7},"end":{"line":33,"column":13}},"15":{"start":{"line":35,"column":7},"end":{"line":37,"column":9}},"16":{"start":{"line":38,"column":7},"end":{"line":38,"column":13}},"17":{"start":{"line":40,"column":7},"end":{"line":42,"column":9}},"18":{"start":{"line":43,"column":7},"end":{"line":43,"column":13}},"19":{"start":{"line":47,"column":3},"end":{"line":77,"column":5}},"20":{"start":{"line":49,"column":20},"end":{"line":49,"column":25}},"21":{"start":{"line":50,"column":5},"end":{"line":63,"column":8}},"22":{"start":{"line":51,"column":6},"end":{"line":62,"column":null}},"23":{"start":{"line":52,"column":7},"end":{"line":52,"column":23}},"24":{"start":{"line":53,"column":7},"end":{"line":61,"column":9}},"25":{"start":{"line":64,"column":5},"end":{"line":64,"column":27}},"26":{"start":{"line":64,"column":20},"end":{"line":64,"column":27}},"27":{"start":{"line":67,"column":5},"end":{"line":75,"column":7}},"28":{"start":{"line":4,"column":0},"end":{"line":4,"column":13}}},"fnMap":{"0":{"name":"(anonymous_0)","decl":{"start":{"line":5,"column":1},"end":{"line":5,"column":7}},"loc":{"start":{"line":9,"column":20},"end":{"line":16,"column":2}}},"1":{"name":"(anonymous_1)","decl":{"start":{"line":17,"column":1},"end":{"line":17,"column":7}},"loc":{"start":{"line":17,"column":38},"end":{"line":79,"column":2}}},"2":{"name":"(anonymous_2)","decl":{"start":{"line":18,"column":9},"end":{"line":18,"column":10}},"loc":{"start":{"line":18,"column":75},"end":{"line":78,"column":3}}},"3":{"name":"(anonymous_3)","decl":{"start":{"line":21,"column":35},"end":{"line":21,"column":36}},"loc":{"start":{"line":21,"column":57},"end":{"line":46,"column":4}}},"4":{"name":"(anonymous_4)","decl":{"start":{"line":48,"column":4},"end":{"line":48,"column":11}},"loc":{"start":{"line":48,"column":14},"end":{"line":65,"column":5}}},"5":{"name":"(anonymous_5)","decl":{"start":{"line":50,"column":21},"end":{"line":50,"column":27}},"loc":{"start":{"line":50,"column":30},"end":{"line":63,"column":6}}},"6":{"name":"(anonymous_6)","decl":{"start":{"line":66,"column":4},"end":{"line":66,"column":9}},"loc":{"start":{"line":66,"column":12},"end":{"line":76,"column":5}}}},"branchMap":{"0":{"loc":{"start":{"line":22,"column":4},"end":{"line":45,"column":null}},"type":"if","locations":[{"start":{"line":22,"column":4},"end":{"line":45,"column":null}},{"start":{"line":22,"column":4},"end":{"line":45,"column":null}}]},"1":{"loc":{"start":{"line":24,"column":6},"end":{"line":28,"column":13}},"type":"switch","locations":[{"start":{"line":24,"column":6},"end":{"line":28,"column":13}},{"start":{"line":29,"column":6},"end":{"line":33,"column":13}},{"start":{"line":34,"column":6},"end":{"line":38,"column":13}},{"start":{"line":39,"column":6},"end":{"line":43,"column":13}}]},"2":{"loc":{"start":{"line":51,"column":6},"end":{"line":62,"column":null}},"type":"if","locations":[{"start":{"line":51,"column":6},"end":{"line":62,"column":null}},{"start":{"line":51,"column":6},"end":{"line":62,"column":null}}]},"3":{"loc":{"start":{"line":51,"column":10},"end":{"line":51,"column":22}},"type":"binary-expr","locations":[{"start":{"line":51,"column":10},"end":{"line":51,"column":22}},{"start":{"line":51,"column":26},"end":{"line":51,"column":35}}]},"4":{"loc":{"start":{"line":64,"column":5},"end":{"line":64,"column":27}},"type":"if","locations":[{"start":{"line":64,"column":5},"end":{"line":64,"column":27}},{"start":{"line":64,"column":5},"end":{"line":64,"column":27}}]}},"s":{"0":0,"1":0,"2":0,"3":0,"4":0,"5":0,"6":0,"7":0,"8":0,"9":0,"10":0,"11":0,"12":0,"13":0,"14":0,"15":0,"16":0,"17":0,"18":0,"19":0,"20":0,"21":0,"22":0,"23":0,"24":0,"25":0,"26":0,"27":0,"28":0},"f":{"0":0,"1":0,"2":0,"3":0,"4":0,"5":0,"6":0},"b":{"0":[0,0],"1":[0,0,0,0],"2":[0,0],"3":[0,0],"4":[0,0]}}
}
