<?xml version="1.0" encoding="UTF-8"?>
<coverage generated="1607787462908" clover="3.2.0">
  <project timestamp="1607787462908" name="All files">
    <metrics statements="8" coveredstatements="7" conditionals="0" coveredconditionals="0" methods="3" coveredmethods="2" elements="11" coveredelements="9" complexity="0" loc="8" ncloc="8" packages="1" files="3" classes="3"/>
    <file name="anonymus.js" path="C:\ARCHIVOS\TECNOLOGIA\NODEPRO\NODE-PRUEBA\testing-examples\anonymus.js">
      <metrics statements="2" coveredstatements="1" conditionals="0" coveredconditionals="0" methods="1" coveredmethods="0"/>
      <line num="1" count="1" type="stmt"/>
      <line num="2" count="0" type="stmt"/>
    </file>
    <file name="function.js" path="C:\ARCHIVOS\TECNOLOGIA\NODEPRO\NODE-PRUEBA\testing-examples\function.js">
      <metrics statements="4" coveredstatements="4" conditionals="0" coveredconditionals="0" methods="1" coveredmethods="1"/>
      <line num="1" count="1" type="stmt"/>
      <line num="2" count="1" type="stmt"/>
      <line num="3" count="4" type="stmt"/>
      <line num="7" count="1" type="stmt"/>
    </file>
    <file name="sum.js" path="C:\ARCHIVOS\TECNOLOGIA\NODEPRO\NODE-PRUEBA\testing-examples\sum.js">
      <metrics statements="2" coveredstatements="2" conditionals="0" coveredconditionals="0" methods="1" coveredmethods="1"/>
      <line num="2" count="83" type="stmt"/>
      <line num="5" count="1" type="stmt"/>
    </file>
  </project>
</coverage>
