{"C:\\ARCHIVOS\\TECNOLOGIA\\NODEPRO\\NODE-PRUEBA\\testing-examples\\anonymus.js": {"path":"C:\\ARCHIVOS\\TECNOLOGIA\\NODEPRO\\NODE-PRUEBA\\testing-examples\\anonymus.js","statementMap":{"0":{"start":{"line":1,"column":0},"end":{"line":3,"column":1}},"1":{"start":{"line":2,"column":4},"end":{"line":2,"column":13}}},"fnMap":{"0":{"name":"(anonymous_0)","decl":{"start":{"line":1,"column":17},"end":{"line":1,"column":18}},"loc":{"start":{"line":1,"column":23},"end":{"line":3,"column":1}},"line":1}},"branchMap":{},"s":{"0":1,"1":0},"f":{"0":0},"b":{},"_coverageSchema":"1a1c01bbd47fc00a2c39e90264f33305004495a9","hash":"ba56228887842b0a280a754011ca75aaff99394f"}
,"C:\\ARCHIVOS\\TECNOLOGIA\\NODEPRO\\NODE-PRUEBA\\testing-examples\\function.js": {"path":"C:\\ARCHIVOS\\TECNOLOGIA\\NODEPRO\\NODE-PRUEBA\\testing-examples\\function.js","statementMap":{"0":{"start":{"line":1,"column":16},"end":{"line":5,"column":1}},"1":{"start":{"line":2,"column":4},"end":{"line":4,"column":5}},"2":{"start":{"line":2,"column":17},"end":{"line":2,"column":18}},"3":{"start":{"line":3,"column":8},"end":{"line":3,"column":20}},"4":{"start":{"line":7,"column":0},"end":{"line":7,"column":24}}},"fnMap":{"0":{"name":"(anonymous_0)","decl":{"start":{"line":1,"column":16},"end":{"line":1,"column":17}},"loc":{"start":{"line":1,"column":31},"end":{"line":5,"column":1}},"line":1}},"branchMap":{},"s":{"0":1,"1":1,"2":1,"3":4,"4":1},"f":{"0":1},"b":{},"_coverageSchema":"1a1c01bbd47fc00a2c39e90264f33305004495a9","hash":"896f8634d175b5e0ad0a7485ac1519211b9da6fc"}
,"C:\\ARCHIVOS\\TECNOLOGIA\\NODEPRO\\NODE-PRUEBA\\testing-examples\\sum.js": {"path":"C:\\ARCHIVOS\\TECNOLOGIA\\NODEPRO\\NODE-PRUEBA\\testing-examples\\sum.js","statementMap":{"0":{"start":{"line":2,"column":4},"end":{"line":2,"column":16}},"1":{"start":{"line":5,"column":0},"end":{"line":5,"column":20}}},"fnMap":{"0":{"name":"sum","decl":{"start":{"line":1,"column":9},"end":{"line":1,"column":12}},"loc":{"start":{"line":1,"column":19},"end":{"line":3,"column":1}},"line":1}},"branchMap":{},"s":{"0":83,"1":1},"f":{"0":83},"b":{},"_coverageSchema":"1a1c01bbd47fc00a2c39e90264f33305004495a9","hash":"54188d5752131631af52b377016a4ac8a4332156"}
}
